<?xml version="1.0" encoding="UTF-8" ?>
<testsuite tests="2" failures="1" name="TestSuite" time="26.87" errors="0" skipped="0">
  <properties>
[...]
</properties>
  <testcase classname="com.orangehrm.tests.AddEmployeeTest" name="verifyAddEmployeeTest" time="26.674"/>
  <testcase classname="com.orangehrm.tests.LoginTest" name="verifyFooterText" time="0.196">
    <failure message="expected [OrangeHRM ver 3.0.1 � OrangeHRM Inc. 2005 - 2017 All rights reserved.] but found [OrangeHRM ver 3.0.1 © OrangeHRM Inc. 2005 - 2017 All rights reserved.]" type="java.lang.AssertionError">java.lang.AssertionError: expected [OrangeHRM ver 3.0.1 � OrangeHRM Inc. 2005 - 2017 All rights reserved.] but found [OrangeHRM ver 3.0.1 © OrangeHRM Inc. 2005 - 2017 All rights reserved.]
	at org.testng.Assert.fail(Assert.java:94)
	at org.testng.Assert.failNotEquals(Assert.java:513)
	at org.testng.Assert.assertEqualsImpl(Assert.java:135)
	at org.testng.Assert.assertEquals(Assert.java:116)
	at org.testng.Assert.assertEquals(Assert.java:190)
	at org.testng.Assert.assertEquals(Assert.java:200)
	at com.orangehrm.tests.LoginTest.verifyFooterText(LoginTest.java:15)
</failure>
  </testcase>
</testsuite>