<?xml version="1.0" encoding="UTF-8"?>
<testng-results skipped="0" failed="0" total="1" passed="1">
  <reporter-output>
  </reporter-output>
  <suite name="Default suite" duration-ms="17015" started-at="2017-02-03T03:20:28Z" finished-at="2017-02-03T03:20:45Z">
    <groups>
    </groups>
    <test name="Default test" duration-ms="17015" started-at="2017-02-03T03:20:28Z" finished-at="2017-02-03T03:20:45Z">
      <class name="pom.OrangeHRMLoginTest">
        <test-method status="PASS" signature="openBrowser()[pri:0, instance:pom.OrangeHRMLoginTest@4cc0edeb]" name="openBrowser" is-config="true" duration-ms="6556" started-at="2017-02-03T08:50:28Z" finished-at="2017-02-03T08:50:35Z">
          <reporter-output>
          </reporter-output>
        </test-method> <!-- openBrowser -->
        <test-method status="PASS" signature="verifyFunctionalityForLogin()[pri:0, instance:pom.OrangeHRMLoginTest@4cc0edeb]" name="verifyFunctionalityForLogin" duration-ms="10299" started-at="2017-02-03T08:50:35Z" finished-at="2017-02-03T08:50:45Z">
          <reporter-output>
          </reporter-output>
        </test-method> <!-- verifyFunctionalityForLogin -->
        <test-method status="PASS" signature="closeBrowser()[pri:0, instance:pom.OrangeHRMLoginTest@4cc0edeb]" name="closeBrowser" is-config="true" duration-ms="131" started-at="2017-02-03T08:50:45Z" finished-at="2017-02-03T08:50:45Z">
          <reporter-output>
          </reporter-output>
        </test-method> <!-- closeBrowser -->
      </class> <!-- pom.OrangeHRMLoginTest -->
    </test> <!-- Default test -->
  </suite> <!-- Default suite -->
</testng-results>
